0.100000 0.500000 3.356559
0.100000 1.000000 3.032435
0.100000 1.500000 3.000000
0.100000 2.000000 3.000000
0.100000 2.500000 3.071321
0.100000 3.000000 3.000110
0.100000 3.500000 3.001340
0.200000 0.500000 3.000000
0.200000 1.000000 3.000000
0.200000 1.500000 3.000417
0.200000 2.000000 3.000000
0.200000 2.500000 3.000002
0.200000 3.000000 3.000015
0.200000 3.500000 3.000000
0.300000 0.500000 3.000086
0.300000 1.000000 3.000000
0.300000 1.500000 3.000000
0.300000 2.000000 3.000000
0.300000 2.500000 3.000004
0.300000 3.000000 3.000001
0.300000 3.500000 3.000031
0.400000 0.500000 3.140444
0.400000 1.000000 3.000172
0.400000 1.500000 3.000000
0.400000 2.000000 3.000000
0.400000 2.500000 3.000000
0.400000 3.000000 3.000008
0.400000 3.500000 3.000199
0.500000 0.500000 3.000001
0.500000 1.000000 3.000000
0.500000 1.500000 3.000000
0.500000 2.000000 3.331653
0.500000 2.500000 3.994961
0.500000 3.000000 3.994969
0.500000 3.500000 3.199068
0.600000 0.500000 3.000000
0.600000 1.000000 3.000000
0.600000 1.500000 3.000004
0.600000 2.000000 3.000000
0.600000 2.500000 3.000081
0.600000 3.000000 3.000128
0.600000 3.500000 3.001084
0.700000 0.500000 3.001527
0.700000 1.000000 3.000017
0.700000 1.500000 3.000021
0.700000 2.000000 3.001881
0.700000 2.500000 3.001283
0.700000 3.000000 3.000128
0.700000 3.500000 3.011798
0.800000 0.500000 3.001999
0.800000 1.000000 3.004208
0.800000 1.500000 3.000557
0.800000 2.000000 3.003451
0.800000 2.500000 3.051845
0.800000 3.000000 3.004258
0.800000 3.500000 3.002417
0.900000 0.500000 3.185639
0.900000 1.000000 3.022612
0.900000 1.500000 8.165331
0.900000 2.000000 4.011842
0.900000 2.500000 4.022595
0.900000 3.000000 3.009672
0.900000 3.500000 3.031292
