0.100000 0.500000 3.822040
0.100000 1.000000 4.905911
0.100000 1.500000 5.414792
0.100000 2.000000 5.414543
0.100000 2.500000 3.103204
0.100000 3.000000 3.099897
0.100000 3.500000 3.128024
0.200000 0.500000 3.629883
0.200000 1.000000 3.124198
0.200000 1.500000 4.602305
0.200000 2.000000 4.157416
0.200000 2.500000 3.923892
0.200000 3.000000 4.492874
0.200000 3.500000 4.469825
0.300000 0.500000 5.070512
0.300000 1.000000 5.902059
0.300000 1.500000 5.814938
0.300000 2.000000 4.481624
0.300000 2.500000 5.880866
0.300000 3.000000 3.997009
0.300000 3.500000 4.166536
0.400000 0.500000 5.490643
0.400000 1.000000 5.594961
0.400000 1.500000 5.467317
0.400000 2.000000 5.462409
0.400000 2.500000 4.796779
0.400000 3.000000 3.922895
0.400000 3.500000 3.910838
0.500000 0.500000 7.600893
0.500000 1.000000 5.562994
0.500000 1.500000 4.667822
0.500000 2.000000 3.014376
0.500000 2.500000 3.005525
0.500000 3.000000 3.061880
0.500000 3.500000 3.140776
0.600000 0.500000 3.806895
0.600000 1.000000 3.185033
0.600000 1.500000 3.002732
0.600000 2.000000 3.004112
0.600000 2.500000 4.034542
0.600000 3.000000 3.201480
0.600000 3.500000 3.084113
0.700000 0.500000 3.043698
0.700000 1.000000 3.183637
0.700000 1.500000 3.308747
0.700000 2.000000 3.157851
0.700000 2.500000 3.757122
0.700000 3.000000 3.993610
0.700000 3.500000 4.618728
0.800000 0.500000 7.532535
0.800000 1.000000 5.075861
0.800000 1.500000 5.039692
0.800000 2.000000 6.610432
0.800000 2.500000 7.408089
0.800000 3.000000 8.220129
0.800000 3.500000 4.157993
0.900000 0.500000 4.125905
0.900000 1.000000 4.138752
0.900000 1.500000 5.731847
0.900000 2.000000 4.353905
0.900000 2.500000 7.847408
0.900000 3.000000 5.601949
0.900000 3.500000 6.225449
