0.100000 0.200000 1 12.137473
0.100000 0.200000 2 12.206872
0.100000 0.200000 3 12.213930
0.100000 0.200000 4 12.214637
0.100000 0.200000 5 12.214708
0.100000 0.200000 6 12.214715
0.100000 0.200000 7 12.214716
0.100000 0.200000 8 12.214716
0.100000 0.200000 9 12.214716
0.100000 0.200000 10 12.214716
0.100000 0.200000 11 12.214716
0.100000 0.200000 12 12.214716
0.100000 0.200000 13 12.091508
0.100000 0.200000 14 11.837908
0.100000 0.200000 15 11.099216
0.100000 0.200000 16 9.643353
0.100000 0.200000 17 9.486421
0.100000 0.200000 18 9.471354
0.100000 0.200000 19 9.469853
0.100000 0.200000 20 9.469703
0.100000 0.200000 21 9.469688
0.100000 0.200000 22 9.469687
0.100000 0.200000 23 9.469686
0.100000 0.200000 24 9.469686
0.100000 0.200000 25 9.469686
0.100000 0.200000 26 9.469686
0.100000 0.200000 27 9.469686
0.100000 0.200000 28 9.422648
0.100000 0.200000 29 8.274932
0.100000 0.200000 30 8.052888
0.100000 0.200000 31 8.051693
0.100000 0.200000 32 8.050655
0.100000 0.200000 33 7.798916
0.100000 0.200000 34 7.774650
0.100000 0.200000 35 7.772232
0.100000 0.200000 36 7.771991
0.100000 0.200000 37 5.935062
0.100000 0.200000 38 5.801662
0.100000 0.200000 39 5.788882
0.100000 0.200000 40 5.787609
0.100000 0.200000 41 5.787482
0.100000 0.200000 42 5.787469
0.100000 0.200000 43 5.787468
0.100000 0.200000 44 5.737146
0.100000 0.200000 45 5.563812
0.100000 0.200000 46 5.554607
0.100000 0.200000 47 5.554799
0.100000 0.200000 48 5.554829
0.100000 0.200000 49 5.554832
0.100000 0.200000 50 5.554832
0.100000 0.200000 51 5.554832
0.100000 0.200000 52 5.554832
0.100000 0.200000 53 5.554832
0.100000 0.200000 54 5.554832
0.100000 0.200000 55 5.554832
0.100000 0.200000 56 5.554832
0.100000 0.200000 57 5.554832
0.100000 0.200000 58 5.554832
0.100000 0.200000 59 5.554832
0.100000 0.200000 60 5.554832
0.100000 0.200000 61 5.554832
0.100000 0.200000 62 5.554832
0.100000 0.200000 63 5.554832
0.100000 0.200000 64 5.554832
0.100000 0.200000 65 4.266814
0.100000 0.200000 66 4.052005
0.100000 0.200000 67 4.031605
0.100000 0.200000 68 4.029576
0.100000 0.200000 69 4.029373
0.100000 0.200000 70 4.029353
0.100000 0.200000 71 4.029351
0.100000 0.200000 72 4.029351
0.100000 0.200000 73 4.029351
0.100000 0.200000 74 4.029351
0.100000 0.200000 75 4.029351
0.100000 0.200000 76 4.029351
0.100000 0.200000 77 4.029351
0.100000 0.200000 78 4.029351
0.100000 0.200000 79 4.029351
0.100000 0.200000 80 4.029351
0.100000 0.200000 81 4.022414
0.100000 0.200000 82 4.019437
0.100000 0.200000 83 4.019140
0.100000 0.200000 84 3.921929
0.100000 0.200000 85 3.682030
0.100000 0.200000 86 3.653335
0.100000 0.200000 87 3.650516
0.100000 0.200000 88 3.519738
0.100000 0.200000 89 3.507761
0.100000 0.200000 90 3.376575
0.100000 0.200000 91 3.363473
0.100000 0.200000 92 3.362215
0.100000 0.200000 93 3.362090
0.100000 0.200000 94 3.344285
0.100000 0.200000 95 3.319135
0.100000 0.200000 96 3.313302
0.100000 0.200000 97 3.303550
0.100000 0.200000 98 3.203708
0.100000 0.200000 99 3.194511
0.200000 0.200000 1 12.137473
0.200000 0.200000 2 12.278424
0.200000 0.200000 3 12.307642
0.200000 0.200000 4 12.313526
0.200000 0.200000 5 12.314705
0.200000 0.200000 6 12.314941
0.200000 0.200000 7 12.314988
0.200000 0.200000 8 12.314997
0.200000 0.200000 9 12.314999
0.200000 0.200000 10 12.315000
0.200000 0.200000 11 12.315000
0.200000 0.200000 12 12.315000
0.200000 0.200000 13 11.431496
0.200000 0.200000 14 10.943669
0.200000 0.200000 15 10.280674
0.200000 0.200000 16 9.102188
0.200000 0.200000 17 8.889941
0.200000 0.200000 18 8.853147
0.200000 0.200000 19 8.846015
0.200000 0.200000 20 8.844598
0.200000 0.200000 21 8.844314
0.200000 0.200000 22 8.844258
0.200000 0.200000 23 8.844246
0.200000 0.200000 24 8.844244
0.200000 0.200000 25 8.844244
0.200000 0.200000 26 8.844244
0.200000 0.200000 27 8.844244
0.200000 0.200000 28 8.844244
0.200000 0.200000 29 8.157181
0.200000 0.200000 30 8.072742
0.200000 0.200000 31 8.015731
0.200000 0.200000 32 8.014311
0.200000 0.200000 33 8.014426
0.200000 0.200000 34 8.014465
0.200000 0.200000 35 6.980732
0.200000 0.200000 36 6.795605
0.200000 0.200000 37 6.764546
0.200000 0.200000 38 6.452682
0.200000 0.200000 39 6.286468
0.200000 0.200000 40 6.090136
0.200000 0.200000 41 6.038635
0.200000 0.200000 42 5.500911
0.200000 0.200000 43 5.277187
0.200000 0.200000 44 5.150744
0.200000 0.200000 45 5.081256
0.200000 0.200000 46 5.053876
0.200000 0.200000 47 5.048550
0.200000 0.200000 48 5.047491
0.200000 0.200000 49 5.047279
0.200000 0.200000 50 5.047237
0.200000 0.200000 51 5.047228
0.200000 0.200000 52 5.047226
0.200000 0.200000 53 5.047226
0.200000 0.200000 54 5.047226
0.200000 0.200000 55 5.047226
0.200000 0.200000 56 5.047226
0.200000 0.200000 57 5.047226
0.200000 0.200000 58 5.047226
0.200000 0.200000 59 5.047226
0.200000 0.200000 60 5.047226
0.200000 0.200000 61 5.047226
0.200000 0.200000 62 5.047226
0.200000 0.200000 63 5.047226
0.200000 0.200000 64 4.987608
0.200000 0.200000 65 4.857714
0.200000 0.200000 66 4.829709
0.200000 0.200000 67 4.742444
0.200000 0.200000 68 4.727003
0.200000 0.200000 69 4.724022
0.200000 0.200000 70 4.172776
0.200000 0.200000 71 4.117571
0.200000 0.200000 72 4.111558
0.200000 0.200000 73 4.110556
0.200000 0.200000 74 4.110364
0.200000 0.200000 75 4.110326
0.200000 0.200000 76 4.110319
0.200000 0.200000 77 4.110317
0.200000 0.200000 78 4.110317
0.200000 0.200000 79 4.110317
0.200000 0.200000 80 4.110317
0.200000 0.200000 81 4.110317
0.200000 0.200000 82 4.086634
0.200000 0.200000 83 4.108292
0.200000 0.200000 84 4.117823
0.200000 0.200000 85 4.119937
0.200000 0.200000 86 4.120368
0.200000 0.200000 87 4.120454
0.200000 0.200000 88 4.120472
0.200000 0.200000 89 3.611027
0.200000 0.200000 90 3.461023
0.200000 0.200000 91 3.433837
0.200000 0.200000 92 3.428513
0.200000 0.200000 93 3.427452
0.200000 0.200000 94 3.427240
0.200000 0.200000 95 3.427198
0.200000 0.200000 96 3.427190
0.200000 0.200000 97 3.427188
0.200000 0.200000 98 3.427188
0.200000 0.200000 99 3.427187
0.300000 0.200000 1 11.532790
0.300000 0.200000 2 11.729648
0.300000 0.200000 3 11.627808
0.300000 0.200000 4 11.442744
0.300000 0.200000 5 11.393694
0.300000 0.200000 6 11.379575
0.300000 0.200000 7 11.375393
0.300000 0.200000 8 11.374143
0.300000 0.200000 9 11.325063
0.300000 0.200000 10 11.084149
0.300000 0.200000 11 11.005362
0.300000 0.200000 12 10.825793
0.300000 0.200000 13 9.553423
0.300000 0.200000 14 9.008804
0.300000 0.200000 15 8.524669
0.300000 0.200000 16 7.851329
0.300000 0.200000 17 7.734401
0.300000 0.200000 18 7.716213
0.300000 0.200000 19 7.712274
0.300000 0.200000 20 7.711229
0.300000 0.200000 21 7.710927
0.300000 0.200000 22 7.710838
0.300000 0.200000 23 7.710812
0.300000 0.200000 24 7.710804
0.300000 0.200000 25 7.710801
0.300000 0.200000 26 7.710800
0.300000 0.200000 27 7.710800
0.300000 0.200000 28 7.710800
0.300000 0.200000 29 7.570075
0.300000 0.200000 30 7.307576
0.300000 0.200000 31 7.289210
0.300000 0.200000 32 7.312814
0.300000 0.200000 33 7.322510
0.300000 0.200000 34 7.147980
0.300000 0.200000 35 6.670916
0.300000 0.200000 36 6.544410
0.300000 0.200000 37 6.386918
0.300000 0.200000 38 6.215726
0.300000 0.200000 39 6.000018
0.300000 0.200000 40 5.361650
0.300000 0.200000 41 5.078023
0.300000 0.200000 42 5.061586
0.300000 0.200000 43 5.071268
0.300000 0.200000 44 5.075486
0.300000 0.200000 45 5.023349
0.300000 0.200000 46 5.049276
0.300000 0.200000 47 5.060765
0.300000 0.200000 48 5.064542
0.300000 0.200000 49 5.065705
0.300000 0.200000 50 5.066056
0.300000 0.200000 51 5.066162
0.300000 0.200000 52 5.066194
0.300000 0.200000 53 5.066203
0.300000 0.200000 54 5.066206
0.300000 0.200000 55 5.066207
0.300000 0.200000 56 5.066207
0.300000 0.200000 57 5.066207
0.300000 0.200000 58 4.881324
0.300000 0.200000 59 4.846615
0.300000 0.200000 60 4.838152
0.300000 0.200000 61 4.835790
0.300000 0.200000 62 4.821357
0.300000 0.200000 63 4.783169
0.300000 0.200000 64 4.707914
0.300000 0.200000 65 4.679377
0.300000 0.200000 66 4.671120
0.300000 0.200000 67 4.668671
0.300000 0.200000 68 4.667938
0.300000 0.200000 69 4.667719
0.300000 0.200000 70 4.136603
0.300000 0.200000 71 4.131525
0.300000 0.200000 72 4.143022
0.300000 0.200000 73 4.136721
0.300000 0.200000 74 4.132669
0.300000 0.200000 75 4.014762
0.300000 0.200000 76 3.664300
0.300000 0.200000 77 3.577793
0.300000 0.200000 78 3.553584
0.300000 0.200000 79 3.546479
0.300000 0.200000 80 3.544362
0.300000 0.200000 81 3.543728
0.300000 0.200000 82 3.543435
0.300000 0.200000 83 3.528006
0.300000 0.200000 84 3.524620
0.300000 0.200000 85 3.523786
0.300000 0.200000 86 3.522130
0.300000 0.200000 87 3.521452
0.300000 0.200000 88 3.521278
0.300000 0.200000 89 3.521143
0.300000 0.200000 90 3.520867
0.300000 0.200000 91 3.520700
0.300000 0.200000 92 3.520655
0.300000 0.200000 93 3.520501
0.300000 0.200000 94 3.520421
0.300000 0.200000 95 3.520291
0.300000 0.200000 96 3.468365
0.300000 0.200000 97 3.451043
0.300000 0.200000 98 3.439701
0.300000 0.200000 99 3.300999
0.400000 0.200000 1 9.114055
0.400000 0.200000 2 9.306617
0.400000 0.200000 3 8.458178
0.400000 0.200000 4 7.150430
0.400000 0.200000 5 6.710792
0.400000 0.200000 6 6.548706
0.400000 0.200000 7 6.486098
0.400000 0.200000 8 6.461412
0.400000 0.200000 9 6.451595
0.400000 0.200000 10 5.199790
0.400000 0.200000 11 5.011839
0.400000 0.200000 12 4.255032
0.400000 0.200000 13 4.420207
0.400000 0.200000 14 4.577308
0.400000 0.200000 15 4.654573
0.400000 0.200000 16 4.687775
0.400000 0.200000 17 4.701422
0.400000 0.200000 18 4.706939
0.400000 0.200000 19 4.709155
0.400000 0.200000 20 4.710044
0.400000 0.200000 21 4.710399
0.400000 0.200000 22 4.710541
0.400000 0.200000 23 4.710598
0.400000 0.200000 24 4.710621
0.400000 0.200000 25 4.710630
0.400000 0.200000 26 4.710634
0.400000 0.200000 27 4.710635
0.400000 0.200000 28 4.710636
0.400000 0.200000 29 4.710636
0.400000 0.200000 30 4.710636
0.400000 0.200000 31 4.710636
0.400000 0.200000 32 4.710636
0.400000 0.200000 33 4.710636
0.400000 0.200000 34 4.710636
0.400000 0.200000 35 4.710636
0.400000 0.200000 36 4.710636
0.400000 0.200000 37 4.710636
0.400000 0.200000 38 4.710636
0.400000 0.200000 39 4.710636
0.400000 0.200000 40 4.710636
0.400000 0.200000 41 4.710636
0.400000 0.200000 42 4.710636
0.400000 0.200000 43 4.710636
0.400000 0.200000 44 4.253630
0.400000 0.200000 45 4.081729
0.400000 0.200000 46 4.060827
0.400000 0.200000 47 4.060131
0.400000 0.200000 48 4.061079
0.400000 0.200000 49 4.061653
0.400000 0.200000 50 4.061915
0.400000 0.200000 51 4.062024
0.400000 0.200000 52 4.062069
0.400000 0.200000 53 4.062087
0.400000 0.200000 54 4.062094
0.400000 0.200000 55 3.844884
0.400000 0.200000 56 3.421726
0.400000 0.200000 57 3.297029
0.400000 0.200000 58 3.254413
0.400000 0.200000 59 3.238536
0.400000 0.200000 60 3.232372
0.400000 0.200000 61 3.229937
0.400000 0.200000 62 3.228967
0.400000 0.200000 63 3.228580
0.400000 0.200000 64 3.228426
0.400000 0.200000 65 3.228364
0.400000 0.200000 66 3.228339
0.400000 0.200000 67 3.228329
0.400000 0.200000 68 3.228325
0.400000 0.200000 69 3.228324
0.400000 0.200000 70 3.228323
0.400000 0.200000 71 3.228323
0.400000 0.200000 72 3.174696
0.400000 0.200000 73 3.161970
0.400000 0.200000 74 3.159464
0.400000 0.200000 75 3.158876
0.400000 0.200000 76 3.158707
0.400000 0.200000 77 3.158649
0.400000 0.200000 78 3.071854
0.400000 0.200000 79 3.026379
0.400000 0.200000 80 3.014486
0.400000 0.200000 81 3.009145
0.400000 0.200000 82 3.003948
0.400000 0.200000 83 3.002585
0.400000 0.200000 84 3.001567
0.400000 0.200000 85 3.001232
0.400000 0.200000 86 3.001129
0.400000 0.200000 87 3.000990
0.400000 0.200000 88 3.000923
0.400000 0.200000 89 3.000905
0.400000 0.200000 90 3.000900
0.400000 0.200000 91 3.000897
0.400000 0.200000 92 3.000893
0.400000 0.200000 93 3.000861
0.400000 0.200000 94 3.000833
0.400000 0.200000 95 3.000813
0.400000 0.200000 96 3.000805
0.400000 0.200000 97 3.000794
0.400000 0.200000 98 3.000788
0.400000 0.200000 99 3.000787
0.500000 0.200000 1 9.114055
0.500000 0.200000 2 9.385863
0.500000 0.200000 3 8.458178
0.500000 0.200000 4 6.869926
0.500000 0.200000 5 6.252927
0.500000 0.200000 6 5.990428
0.500000 0.200000 7 5.870853
0.500000 0.200000 8 5.814004
0.500000 0.200000 9 5.786316
0.500000 0.200000 10 5.124220
0.500000 0.200000 11 5.008082
0.500000 0.200000 12 4.486253
0.500000 0.200000 13 4.937887
0.500000 0.200000 14 5.349147
0.500000 0.200000 15 5.600038
0.500000 0.200000 16 5.736621
0.500000 0.200000 17 5.807672
0.500000 0.200000 18 5.843884
0.500000 0.200000 19 5.862162
0.500000 0.200000 20 5.871343
0.500000 0.200000 21 5.875945
0.500000 0.200000 22 5.878248
0.500000 0.200000 23 5.879400
0.500000 0.200000 24 5.879977
0.500000 0.200000 25 5.761085
0.500000 0.200000 26 5.522737
0.500000 0.200000 27 5.582378
0.500000 0.200000 28 5.656788
0.500000 0.200000 29 5.705087
0.500000 0.200000 30 5.732001
0.500000 0.200000 31 5.746148
0.500000 0.200000 32 4.607602
0.500000 0.200000 33 3.961811
0.500000 0.200000 34 3.750047
0.500000 0.200000 35 3.672311
0.500000 0.200000 36 3.640502
0.500000 0.200000 37 3.626364
0.500000 0.200000 38 3.619737
0.500000 0.200000 39 3.616534
0.500000 0.200000 40 3.614960
0.500000 0.200000 41 3.614180
0.500000 0.200000 42 3.613791
0.500000 0.200000 43 3.530242
0.500000 0.200000 44 3.176229
0.500000 0.200000 45 3.067917
0.500000 0.200000 46 3.034781
0.500000 0.200000 47 3.023492
0.500000 0.200000 48 3.019170
0.500000 0.200000 49 3.016442
0.500000 0.200000 50 3.014487
0.500000 0.200000 51 3.013587
0.500000 0.200000 52 3.013156
0.500000 0.200000 53 3.012945
0.500000 0.200000 54 3.012841
0.500000 0.200000 55 3.011514
0.500000 0.200000 56 3.012480
0.500000 0.200000 57 3.012336
0.500000 0.200000 58 3.012265
0.500000 0.200000 59 3.012231
0.500000 0.200000 60 3.012214
0.500000 0.200000 61 3.011326
0.500000 0.200000 62 3.010993
0.500000 0.200000 63 3.011391
0.500000 0.200000 64 3.011256
0.500000 0.200000 65 3.011189
0.500000 0.200000 66 3.011137
0.500000 0.200000 67 3.000949
0.500000 0.200000 68 3.004424
0.500000 0.200000 69 3.004990
0.500000 0.200000 70 3.004106
0.500000 0.200000 71 3.003699
0.500000 0.200000 72 3.003504
0.500000 0.200000 73 3.000878
0.500000 0.200000 74 3.000519
0.500000 0.200000 75 3.000634
0.500000 0.200000 76 3.000766
0.500000 0.200000 77 3.000630
0.500000 0.200000 78 3.000581
0.500000 0.200000 79 3.000420
0.500000 0.200000 80 3.000329
0.500000 0.200000 81 3.000223
0.500000 0.200000 82 3.000149
0.500000 0.200000 83 3.000123
0.500000 0.200000 84 3.000112
0.500000 0.200000 85 3.000107
0.500000 0.200000 86 3.000105
0.500000 0.200000 87 3.000104
0.500000 0.200000 88 3.000104
0.500000 0.200000 89 3.000103
0.500000 0.200000 90 3.000103
0.500000 0.200000 91 3.000103
0.500000 0.200000 92 3.000103
0.500000 0.200000 93 3.000103
0.500000 0.200000 94 3.000103
0.500000 0.200000 95 3.000102
0.500000 0.200000 96 3.000102
0.500000 0.200000 97 3.000101
0.500000 0.200000 98 3.000101
0.500000 0.200000 99 3.000101
0.600000 0.200000 1 17.951778
0.600000 0.200000 2 19.097374
0.600000 0.200000 3 19.605229
0.600000 0.200000 4 15.937386
0.600000 0.200000 5 13.963502
0.600000 0.200000 6 12.994625
0.600000 0.200000 7 12.496980
0.600000 0.200000 8 10.496287
0.600000 0.200000 9 9.296337
0.600000 0.200000 10 8.506334
0.600000 0.200000 11 7.770159
0.600000 0.200000 12 7.664468
0.600000 0.200000 13 7.901656
0.600000 0.200000 14 8.152871
0.600000 0.200000 15 8.341610
0.600000 0.200000 16 8.468207
0.600000 0.200000 17 8.373178
0.600000 0.200000 18 8.018736
0.600000 0.200000 19 7.887066
0.600000 0.200000 20 7.838012
0.600000 0.200000 21 7.819487
0.600000 0.200000 22 7.812320
0.600000 0.200000 23 7.809444
0.600000 0.200000 24 7.636017
0.600000 0.200000 25 7.439224
0.600000 0.200000 26 7.367636
0.600000 0.200000 27 6.579711
0.600000 0.200000 28 5.571137
0.600000 0.200000 29 5.095304
0.600000 0.200000 30 4.859612
0.600000 0.200000 31 4.736694
0.600000 0.200000 32 4.459787
0.600000 0.200000 33 4.339150
0.600000 0.200000 34 4.299565
0.600000 0.200000 35 4.287655
0.600000 0.200000 36 4.284749
0.600000 0.200000 37 4.284523
0.600000 0.200000 38 4.284931
0.600000 0.200000 39 4.285371
0.600000 0.200000 40 4.282434
0.600000 0.200000 41 4.211524
0.600000 0.200000 42 4.181091
0.600000 0.200000 43 4.165344
0.600000 0.200000 44 4.159557
0.600000 0.200000 45 4.155745
0.600000 0.200000 46 4.151865
0.600000 0.200000 47 3.947790
0.600000 0.200000 48 3.838569
0.600000 0.200000 49 3.847014
0.600000 0.200000 50 3.903031
0.600000 0.200000 51 3.963302
0.600000 0.200000 52 4.007475
0.600000 0.200000 53 4.037075
0.600000 0.200000 54 4.055917
0.600000 0.200000 55 4.057517
0.600000 0.200000 56 4.057615
0.600000 0.200000 57 4.057676
0.600000 0.200000 58 4.057699
0.600000 0.200000 59 4.057730
0.600000 0.200000 60 4.057721
0.600000 0.200000 61 4.057572
0.600000 0.200000 62 4.056794
0.600000 0.200000 63 4.056295
0.600000 0.200000 64 4.055158
0.600000 0.200000 65 4.054072
0.600000 0.200000 66 3.703120
0.600000 0.200000 67 3.202395
0.600000 0.200000 68 3.046934
0.600000 0.200000 69 3.007269
0.600000 0.200000 70 3.002796
0.600000 0.200000 71 3.002668
0.600000 0.200000 72 3.010911
0.600000 0.200000 73 3.011697
0.600000 0.200000 74 3.015157
0.600000 0.200000 75 3.016078
0.600000 0.200000 76 3.016645
0.600000 0.200000 77 3.017012
0.600000 0.200000 78 3.017228
0.600000 0.200000 79 3.017350
0.600000 0.200000 80 3.017429
0.600000 0.200000 81 3.017475
0.600000 0.200000 82 3.017501
0.600000 0.200000 83 3.017518
0.600000 0.200000 84 3.017527
0.600000 0.200000 85 3.015976
0.600000 0.200000 86 3.012714
0.600000 0.200000 87 3.002884
0.600000 0.200000 88 3.005619
0.600000 0.200000 89 3.003100
0.600000 0.200000 90 3.001930
0.600000 0.200000 91 3.001544
0.600000 0.200000 92 3.001438
0.600000 0.200000 93 3.000382
0.600000 0.200000 94 3.001175
0.600000 0.200000 95 3.001054
0.600000 0.200000 96 3.000991
0.600000 0.200000 97 3.000956
0.600000 0.200000 98 3.000289
0.600000 0.200000 99 3.000029
0.700000 0.200000 1 19.719323
0.700000 0.200000 2 21.245238
0.700000 0.200000 3 22.363312
0.700000 0.200000 4 17.803152
0.700000 0.200000 5 15.267819
0.700000 0.200000 6 13.896804
0.700000 0.200000 7 13.154542
0.700000 0.200000 8 11.004713
0.700000 0.200000 9 9.670908
0.700000 0.200000 10 9.048635
0.700000 0.200000 11 8.429158
0.700000 0.200000 12 8.294243
0.700000 0.200000 13 8.504164
0.700000 0.200000 14 8.797496
0.700000 0.200000 15 9.072447
0.700000 0.200000 16 9.298030
0.700000 0.200000 17 9.471760
0.700000 0.200000 18 8.815980
0.700000 0.200000 19 8.550161
0.700000 0.200000 20 8.541984
0.700000 0.200000 21 8.624150
0.700000 0.200000 22 8.724568
0.700000 0.200000 23 8.815726
0.700000 0.200000 24 8.889684
0.700000 0.200000 25 8.946395
0.700000 0.200000 26 8.988501
0.700000 0.200000 27 7.242801
0.700000 0.200000 28 5.919758
0.700000 0.200000 29 5.260759
0.700000 0.200000 30 4.940154
0.700000 0.200000 31 4.786923
0.700000 0.200000 32 4.715040
0.700000 0.200000 33 4.682160
0.700000 0.200000 34 4.667707
0.700000 0.200000 35 4.661789
0.700000 0.200000 36 4.659703
0.700000 0.200000 37 4.531855
0.700000 0.200000 38 4.133918
0.700000 0.200000 39 4.052186
0.700000 0.200000 40 4.092451
0.700000 0.200000 41 4.168248
0.700000 0.200000 42 4.104732
0.700000 0.200000 43 4.062092
0.700000 0.200000 44 4.046814
0.700000 0.200000 45 4.043275
0.700000 0.200000 46 4.044307
0.700000 0.200000 47 4.046750
0.700000 0.200000 48 4.049303
0.700000 0.200000 49 4.051503
0.700000 0.200000 50 4.043872
0.700000 0.200000 51 4.043114
0.700000 0.200000 52 4.045972
0.700000 0.200000 53 4.049379
0.700000 0.200000 54 4.048177
0.700000 0.200000 55 4.047449
0.700000 0.200000 56 4.046994
0.700000 0.200000 57 4.046703
0.700000 0.200000 58 4.046513
0.700000 0.200000 59 4.046386
0.700000 0.200000 60 4.046300
0.700000 0.200000 61 4.046242
0.700000 0.200000 62 4.046202
0.700000 0.200000 63 4.046174
0.700000 0.200000 64 4.046140
0.700000 0.200000 65 4.046078
0.700000 0.200000 66 4.046034
0.700000 0.200000 67 3.346097
0.700000 0.200000 68 3.007280
0.700000 0.200000 69 3.005965
0.700000 0.200000 70 3.020359
0.700000 0.200000 71 3.086478
0.700000 0.200000 72 3.160058
0.700000 0.200000 73 3.224844
0.700000 0.200000 74 3.276657
0.700000 0.200000 75 3.316077
0.700000 0.200000 76 3.316272
0.700000 0.200000 77 3.303438
0.700000 0.200000 78 3.294609
0.700000 0.200000 79 3.288506
0.700000 0.200000 80 3.120770
0.700000 0.200000 81 3.173214
0.700000 0.200000 82 3.111695
0.700000 0.200000 83 3.076633
0.700000 0.200000 84 3.056024
0.700000 0.200000 85 3.043531
0.700000 0.200000 86 3.035734
0.700000 0.200000 87 3.030741
0.700000 0.200000 88 3.021459
0.700000 0.200000 89 3.001169
0.700000 0.200000 90 3.003380
0.700000 0.200000 91 3.000521
0.700000 0.200000 92 3.000716
0.700000 0.200000 93 3.000648
0.700000 0.200000 94 3.000568
0.700000 0.200000 95 3.000906
0.700000 0.200000 96 3.001337
0.700000 0.200000 97 3.000551
0.700000 0.200000 98 3.000420
0.700000 0.200000 99 3.000310
0.800000 0.200000 1 19.719323
0.800000 0.200000 2 21.470759
0.800000 0.200000 3 22.381419
0.800000 0.200000 4 18.638371
0.800000 0.200000 5 16.134726
0.800000 0.200000 6 14.518435
0.800000 0.200000 7 12.659583
0.800000 0.200000 8 10.640572
0.800000 0.200000 9 9.713167
0.800000 0.200000 10 8.698940
0.800000 0.200000 11 8.447694
0.800000 0.200000 12 8.365239
0.800000 0.200000 13 8.754757
0.800000 0.200000 14 9.675668
0.800000 0.200000 15 10.771819
0.800000 0.200000 16 11.857203
0.800000 0.200000 17 12.845723
0.800000 0.200000 18 13.705934
0.800000 0.200000 19 12.025491
0.800000 0.200000 20 9.699451
0.800000 0.200000 21 8.372104
0.800000 0.200000 22 7.690988
0.800000 0.200000 23 7.403796
0.800000 0.200000 24 7.343431
0.800000 0.200000 25 7.404673
0.800000 0.200000 26 7.523861
0.800000 0.200000 27 7.156492
0.800000 0.200000 28 6.272361
0.800000 0.200000 29 6.117025
0.800000 0.200000 30 6.362961
0.800000 0.200000 31 6.798934
0.800000 0.200000 32 7.299301
0.800000 0.200000 33 7.794734
0.800000 0.200000 34 7.473713
0.800000 0.200000 35 5.788872
0.800000 0.200000 36 4.813935
0.800000 0.200000 37 4.302684
0.800000 0.200000 38 4.075885
0.800000 0.200000 39 4.014050
0.800000 0.200000 40 4.041714
0.800000 0.200000 41 4.078351
0.800000 0.200000 42 4.002635
0.800000 0.200000 43 4.114031
0.800000 0.200000 44 4.293679
0.800000 0.200000 45 4.334760
0.800000 0.200000 46 4.055732
0.800000 0.200000 47 4.277515
0.800000 0.200000 48 4.778144
0.800000 0.200000 49 5.349035
0.800000 0.200000 50 5.939989
0.800000 0.200000 51 6.493014
0.800000 0.200000 52 6.663790
0.800000 0.200000 53 6.595050
0.800000 0.200000 54 6.551260
0.800000 0.200000 55 6.523460
0.800000 0.200000 56 6.505878
0.800000 0.200000 57 6.494805
0.800000 0.200000 58 6.487870
0.800000 0.200000 59 5.813249
0.800000 0.200000 60 6.169954
0.800000 0.200000 61 5.534551
0.800000 0.200000 62 5.710104
0.800000 0.200000 63 5.624641
0.800000 0.200000 64 5.653665
0.800000 0.200000 65 5.171949
0.800000 0.200000 66 4.206973
0.800000 0.200000 67 3.933391
0.800000 0.200000 68 4.238862
0.800000 0.200000 69 4.840569
0.800000 0.200000 70 5.076675
0.800000 0.200000 71 4.806008
0.800000 0.200000 72 5.094647
0.800000 0.200000 73 5.075620
0.800000 0.200000 74 4.831887
0.800000 0.200000 75 3.487007
0.800000 0.200000 76 3.105496
0.800000 0.200000 77 3.373224
0.800000 0.200000 78 3.948445
0.800000 0.200000 79 4.625984
0.800000 0.200000 80 4.555464
0.800000 0.200000 81 4.569225
0.800000 0.200000 82 4.625638
0.800000 0.200000 83 4.699970
0.800000 0.200000 84 4.778156
0.800000 0.200000 85 3.695933
0.800000 0.200000 86 3.056811
0.800000 0.200000 87 3.043919
0.800000 0.200000 88 3.137729
0.800000 0.200000 89 3.195041
0.800000 0.200000 90 3.173273
0.800000 0.200000 91 3.214857
0.800000 0.200000 92 3.231465
0.800000 0.200000 93 3.237224
0.800000 0.200000 94 3.235202
0.800000 0.200000 95 3.189398
0.800000 0.200000 96 3.085270
0.800000 0.200000 97 3.017034
0.800000 0.200000 98 3.005499
0.800000 0.200000 99 3.002747
0.900000 0.200000 1 9.830945
0.900000 0.200000 2 10.719419
0.900000 0.200000 3 11.922721
0.900000 0.200000 4 13.313301
0.900000 0.200000 5 14.792200
0.900000 0.200000 6 16.286889
0.900000 0.200000 7 16.613682
0.900000 0.200000 8 13.740398
0.900000 0.200000 9 11.446552
0.900000 0.200000 10 7.520451
0.900000 0.200000 11 4.962630
0.900000 0.200000 12 4.026904
0.900000 0.200000 13 4.287248
0.900000 0.200000 14 4.822410
0.900000 0.200000 15 6.262136
0.900000 0.200000 16 8.038704
0.900000 0.200000 17 9.284918
0.900000 0.200000 18 10.537580
0.900000 0.200000 19 10.764614
0.900000 0.200000 20 10.817728
0.900000 0.200000 21 9.355388
0.900000 0.200000 22 7.851435
0.900000 0.200000 23 6.506604
0.900000 0.200000 24 5.000108
0.900000 0.200000 25 4.507900
0.900000 0.200000 26 4.473723
0.900000 0.200000 27 4.369934
0.900000 0.200000 28 4.665518
0.900000 0.200000 29 5.210771
0.900000 0.200000 30 5.073146
0.900000 0.200000 31 4.950276
0.900000 0.200000 32 4.722319
0.900000 0.200000 33 4.422915
0.900000 0.200000 34 4.175726
0.900000 0.200000 35 4.418515
0.900000 0.200000 36 5.629440
0.900000 0.200000 37 7.461990
0.900000 0.200000 38 9.611387
0.900000 0.200000 39 11.291972
0.900000 0.200000 40 8.458514
0.900000 0.200000 41 6.401246
0.900000 0.200000 42 5.058489
0.900000 0.200000 43 4.320758
0.900000 0.200000 44 4.064587
0.900000 0.200000 45 4.172096
0.900000 0.200000 46 4.007503
0.900000 0.200000 47 4.384947
0.900000 0.200000 48 4.232798
0.900000 0.200000 49 4.338792
0.900000 0.200000 50 4.204642
0.900000 0.200000 51 4.287953
0.900000 0.200000 52 4.528882
0.900000 0.200000 53 4.878709
0.900000 0.200000 54 5.298986
0.900000 0.200000 55 4.418241
0.900000 0.200000 56 3.934103
0.900000 0.200000 57 3.442037
0.900000 0.200000 58 3.632674
0.900000 0.200000 59 4.584254
0.900000 0.200000 60 5.095842
0.900000 0.200000 61 5.630613
0.900000 0.200000 62 6.173033
0.900000 0.200000 63 6.707247
0.900000 0.200000 64 7.222579
0.900000 0.200000 65 5.904556
0.900000 0.200000 66 4.196440
0.900000 0.200000 67 3.321553
0.900000 0.200000 68 3.118544
0.900000 0.200000 69 3.153776
0.900000 0.200000 70 3.137209
0.900000 0.200000 71 3.784916
0.900000 0.200000 72 3.977343
0.900000 0.200000 73 3.950018
0.900000 0.200000 74 3.312218
0.900000 0.200000 75 3.138781
0.900000 0.200000 76 3.091690
0.900000 0.200000 77 3.205368
0.900000 0.200000 78 3.008057
0.900000 0.200000 79 3.255206
0.900000 0.200000 80 3.400046
0.900000 0.200000 81 3.669383
0.900000 0.200000 82 3.967127
0.900000 0.200000 83 3.499352
0.900000 0.200000 84 3.221549
0.900000 0.200000 85 3.083019
0.900000 0.200000 86 3.016819
0.900000 0.200000 87 3.009617
0.900000 0.200000 88 3.028464
0.900000 0.200000 89 3.214972
0.900000 0.200000 90 3.136900
0.900000 0.200000 91 3.055917
0.900000 0.200000 92 3.023863
0.900000 0.200000 93 3.016493
0.900000 0.200000 94 3.058160
0.900000 0.200000 95 3.016694
0.900000 0.200000 96 3.007459
0.900000 0.200000 97 3.006979
0.900000 0.200000 98 3.002491
0.900000 0.200000 99 3.007698
