rolen car_l car_r car_n avg_v flow_l flow_r  flow   lanchge    v_l    v_r
1000    48    51   100   7.60   0.42   0.44  0.86      216    7.57    7.52
1000    99   100   200   6.25   0.74   0.72  1.46      461    6.36    6.14
1000   150   149   300   5.49   1.01   0.98  1.99      533    5.55    5.43
1000   199   200   400   4.17   0.98   1.00  1.98      606    4.13    4.22
1000   248   251   500   3.08   0.94   0.90  1.84      730    3.18    2.99
1000   300   299   600   2.37   0.89   0.88  1.78      912    2.36    2.39
1000   349   350   700   1.92   0.83   0.89  1.71     1058    1.87    1.98
1000   395   404   800   1.58   0.82   0.79  1.61     1195    1.57    1.60
1000   443   456   900   1.36   0.75   0.82  1.58     1352    1.35    1.39
1000   493   506  1000   1.13   0.72   0.74  1.46     1469    1.14    1.11
1000   548   551  1100   0.95   0.72   0.70  1.41     1469    0.99    0.93
1000   620   579  1200   0.79   0.65   0.65  1.29     1459    0.78    0.80
1000   653   646  1300   0.66   0.61   0.60  1.21     1348    0.66    0.67
1000   694   705  1400   0.55   0.54   0.55  1.09     1215    0.56    0.55
1000   761   738  1500   0.45   0.50   0.48  0.98      981    0.45    0.45
1000   787   812  1600   0.38   0.44   0.44  0.88      717    0.38    0.38
1000   816   883  1700   0.29   0.34   0.39  0.74      442    0.28    0.30
1000   885   914  1800   0.24   0.31   0.31  0.62      205    0.24    0.23
1000   948   951  1900   0.16   0.21   0.21  0.42       51    0.17    0.15
1000   999  1000  2000   0.08   0.11   0.07  0.18        0    0.10    0.06
