
rolen car_l car_r car_n avg_v flow_l flow_r  flow   lanchge    v_l    v_r
1000    62    37   100   7.25   0.51   0.32  0.83      144    6.83    7.82
1000   126    73   200   6.21   0.88   0.54  1.43      269    5.97    6.62
1000   189   110   300   5.25   1.11   0.77  1.88      279    4.89    5.86
1000   246   153   400   4.15   1.10   0.90  2.00      345    3.63    4.98
1000   300   199   500   3.10   1.01   0.94  1.94      445    2.59    3.87
1000   366   233   600   2.40   0.90   0.89  1.79      522    1.95    3.12
1000   428   271   700   1.94   0.82   0.89  1.70      603    1.52    2.61
1000   503   296   800   1.69   0.81   0.92  1.73      687    1.25    2.46
1000   571   328   900   1.35   0.71   0.89  1.60      703    0.93    2.10
1000   619   381  1000   1.12   0.66   0.83  1.49      722    0.78    1.71
1000   665   434  1100   0.93   0.58   0.78  1.35      692    0.64    1.40
1000   741   458  1200   0.80   0.52   0.78  1.29      637    0.50    1.31
1000   808   491  1300   0.66   0.48   0.72  1.20      559    0.42    1.07
1000   810   589  1400   0.55   0.41   0.69  1.10      455    0.35    0.84
1000   888   611  1500   0.44   0.32   0.61  0.93      348    0.25    0.72
1000   909   690  1600   0.36   0.29   0.53  0.81      237    0.22    0.55
1000   953   746  1700   0.28   0.26   0.43  0.69      168    0.18    0.40
1000   952   847  1800   0.21   0.24   0.32  0.56       98    0.16    0.26
1000   954   945  1900   0.15   0.18   0.23  0.41       22    0.12    0.17
1000  1000  1000  2000   0.08   0.09   0.10  0.19        0    0.08    0.09
